  ConsoleApplication2.cpp
c:\users\mahyar\source\repos\consoleapplication2\space_invader_sfml\consoleapplication2\consoleapplication2.cpp(72): warning C4244: 'initializing': conversion from 'const T' to 'int', possible loss of data
          with
          [
              T=float
          ]
c:\users\mahyar\source\repos\consoleapplication2\space_invader_sfml\consoleapplication2\consoleapplication2.cpp(73): warning C4244: 'initializing': conversion from 'const T' to 'int', possible loss of data
          with
          [
              T=float
          ]
c:\users\mahyar\source\repos\consoleapplication2\space_invader_sfml\consoleapplication2\consoleapplication2.cpp(75): warning C4244: 'argument': conversion from 'int' to 'float', possible loss of data
c:\users\mahyar\source\repos\consoleapplication2\space_invader_sfml\consoleapplication2\consoleapplication2.cpp(142): warning C4244: 'argument': conversion from 'int' to 'float', possible loss of data
c:\users\mahyar\source\repos\consoleapplication2\space_invader_sfml\consoleapplication2\consoleapplication2.cpp(144): warning C4244: 'argument': conversion from 'int' to 'float', possible loss of data
c:\users\mahyar\source\repos\consoleapplication2\space_invader_sfml\consoleapplication2\consoleapplication2.cpp(160): warning C4244: 'argument': conversion from 'int' to 'float', possible loss of data
c:\users\mahyar\source\repos\consoleapplication2\space_invader_sfml\consoleapplication2\consoleapplication2.cpp(183): warning C4244: 'argument': conversion from 'int' to 'float', possible loss of data
c:\users\mahyar\source\repos\consoleapplication2\space_invader_sfml\consoleapplication2\consoleapplication2.cpp(185): warning C4244: 'argument': conversion from 'int' to 'float', possible loss of data
c:\users\mahyar\source\repos\consoleapplication2\space_invader_sfml\consoleapplication2\consoleapplication2.cpp(189): warning C4244: 'argument': conversion from 'int' to 'float', possible loss of data
c:\users\mahyar\source\repos\consoleapplication2\space_invader_sfml\consoleapplication2\consoleapplication2.cpp(92): warning C4390: ';': empty controlled statement found; is this the intent?
c:\users\mahyar\source\repos\consoleapplication2\space_invader_sfml\consoleapplication2\consoleapplication2.cpp(328): warning C4244: 'initializing': conversion from 'const T' to 'int', possible loss of data
          with
          [
              T=float
          ]
c:\users\mahyar\source\repos\consoleapplication2\space_invader_sfml\consoleapplication2\consoleapplication2.cpp(329): warning C4244: 'initializing': conversion from 'const T' to 'int', possible loss of data
          with
          [
              T=float
          ]
c:\users\mahyar\source\repos\consoleapplication2\space_invader_sfml\consoleapplication2\consoleapplication2.cpp(331): warning C4244: 'argument': conversion from 'int' to 'float', possible loss of data
  Generating code
  2 of 198 functions ( 1.0%) were compiled, the rest were copied from previous compilation.
    0 functions were new in current compilation
    0 functions had inline decision re-evaluated but remain unchanged
  Finished generating code
  ConsoleApplication2.vcxproj -> C:\Users\mahyar\source\repos\ConsoleApplication2\space_invader_SFML\Release\ConsoleApplication2.exe
